<?xml version="1.0" encoding="UTF-8"?>
<!-- Generated by org.testng.reporters.JUnitReportReporter -->
<testsuite hostname="POBBATHI-RAJESWARI" failures="0" tests="7" name="TestAPI" time="4.181" errors="0" timestamp="2023-08-01T14:30:33 IST" skipped="3">
  <testcase classname="TestAPI" name="post" time="0.569"/>
  <testcase classname="TestAPI" name="auth" time="2.548"/>
  <testcase classname="TestAPI" name="post" time="0.489"/>
  <testcase classname="TestAPI" name="post" time="0.575"/>
  <testcase classname="TestAPI" name="getmethod_bddstyle">
    <skipped/>
  </testcase> <!-- getmethod_bddstyle -->
  <testcase classname="TestAPI" name="getmethod">
    <skipped/>
  </testcase> <!-- getmethod -->
  <testcase classname="TestAPI" name="delete">
    <skipped/>
  </testcase> <!-- delete -->
</testsuite> <!-- TestAPI -->
