<?xml version="1.0" encoding="UTF-8"?>
<!-- Generated by org.testng.reporters.JUnitReportReporter -->
<testsuite hostname="POBBATHI-RAJESWARI" failures="0" tests="2" name="com.myfirstmavenproject.junit.Amazonappln" time="10.968" errors="0" timestamp="19 Jul 2023 14:34:52 GMT">
  <testcase classname="com.myfirstmavenproject.junit.Amazonappln" name="chrome" time="5.030"/>
  <testcase classname="com.myfirstmavenproject.junit.Amazonappln" name="edge" time="5.938"/>
</testsuite> <!-- com.myfirstmavenproject.junit.Amazonappln -->
