<?xml version="1.0" encoding="UTF-8"?>
<!-- Generated by org.testng.reporters.JUnitReportReporter -->
<testsuite hostname="POBBATHI-RAJESWARI" failures="0" tests="1" name="com.myfirstmavenproject.junit.Test01" time="32.871" errors="0" timestamp="19 Jul 2023 11:48:28 GMT">
  <testcase classname="com.myfirstmavenproject.junit.Test01" name="test1" time="32.871"/>
</testsuite> <!-- com.myfirstmavenproject.junit.Test01 -->
