<?xml version="1.0" encoding="UTF-8"?>
<!-- Generated by org.testng.reporters.JUnitReportReporter -->
<testsuite hostname="POBBATHI-RAJESWARI" failures="0" tests="2" name="com.myfirstmavenproject.junit.CalculatorTest01" time="0.015" errors="0" timestamp="2023-07-11T17:33:02 IST" skipped="0">
  <testcase classname="com.myfirstmavenproject.junit.CalculatorTest01" name="add1" time="0.013"/>
  <testcase classname="com.myfirstmavenproject.junit.CalculatorTest01" name="sub1" time="0.002"/>
</testsuite> <!-- com.myfirstmavenproject.junit.CalculatorTest01 -->
