<?xml version="1.0" encoding="UTF-8"?>
<!-- Generated by org.testng.reporters.JUnitReportReporter -->
<testsuite hostname="POBBATHI-RAJESWARI" failures="0" tests="1" name="com.myfirstmavenproject.junit.Openmrs" time="91.884" errors="0" timestamp="2023-07-23T00:21:16 IST" skipped="0">
  <testcase classname="com.myfirstmavenproject.junit.Openmrs" name="f" time="91.884"/>
</testsuite> <!-- com.myfirstmavenproject.junit.Openmrs -->
